
30/06
asdasd
Rendimento
1
1
get lancamento
get lancamento
get result
get lancamento
get lancamento
get result
get lancamento
get lancamento
get result
get lancamento
get lancamento
get result
get lancamento
get lancamento
get result
get lancamento
get lancamento
get result
get lancamento
get lancamento
get result
5
5
5
5
get lancamento
get result
5
get lancamento
get result
5
get lancamento
get result
5
get lancamento
get result
5
get lancamento
get result
get lancamento
get lancamento
get result
get lancamento
get lancamento
get result
get lancamento
get lancamento
get result
get lancamento
get lancamento
get result
get lancamento
get lancamento
get result
get lancamento
get lancamento
get result
get lancamento
get lancamento
get result
3
get lancamento
get result
3
get lancamento
get result
get lancamento
get lancamento
get result
3
get lancamento
get result
3
get lancamento
get result
get lancamento
get result
3
get lancamento
get result
3
get lancamento
get result
